  stdafx.cpp
  活动选择问题.cpp
活动选择问题.cpp(40): warning C4018: “<”: 有符号/无符号不匹配
活动选择问题.cpp(42): warning C4018: “<”: 有符号/无符号不匹配
活动选择问题.cpp(48): warning C4018: “<”: 有符号/无符号不匹配
活动选择问题.cpp(54): warning C4018: “<”: 有符号/无符号不匹配
活动选择问题.cpp(58): warning C4018: “<”: 有符号/无符号不匹配
活动选择问题.cpp(63): warning C4018: “<”: 有符号/无符号不匹配
活动选择问题.cpp(77): warning C4018: “<”: 有符号/无符号不匹配
活动选择问题.cpp(96): warning C4018: “<”: 有符号/无符号不匹配
  活动选择问题.cpp(51): note: 参见对正在编译的函数 模板 实例化“void bubbleSort<int>(elemType **,int)”的引用
          with
          [
              elemType=int
          ]
活动选择问题.cpp(98): warning C4018: “<”: 有符号/无符号不匹配
  正在生成代码
  All 163 functions were compiled because no usable IPDB/IOBJ from previous compilation was found.
  已完成代码的生成
  活动选择问题.vcxproj -> C:\CodingWorkspace\C++\算法作业\Release\活动选择问题.exe
  活动选择问题.vcxproj -> C:\CodingWorkspace\C++\算法作业\Release\活动选择问题.pdb (Full PDB)
