  stdafx.cpp
  会场安排问题.cpp
会场安排问题.cpp(18): warning C4018: “<”: 有符号/无符号不匹配
会场安排问题.cpp(21): warning C4018: “<”: 有符号/无符号不匹配
会场安排问题.cpp(26): warning C4018: “<”: 有符号/无符号不匹配
会场安排问题.cpp(32): warning C4018: “<”: 有符号/无符号不匹配
会场安排问题.cpp(36): warning C4018: “<”: 有符号/无符号不匹配
会场安排问题.cpp(48): warning C4018: “<”: 有符号/无符号不匹配
会场安排问题.cpp(68): warning C4018: “<”: 有符号/无符号不匹配
  会场安排问题.cpp(29): note: 参见对正在编译的函数 模板 实例化“void bubbleSort<int>(elemType **,int)”的引用
          with
          [
              elemType=int
          ]
会场安排问题.cpp(70): warning C4018: “<”: 有符号/无符号不匹配
  正在生成代码
  All 14 functions were compiled because no usable IPDB/IOBJ from previous compilation was found.
  已完成代码的生成
  会场安排问题.vcxproj -> C:\CodingWorkspace\C++\算法作业\Release\会场安排问题.exe
  会场安排问题.vcxproj -> C:\CodingWorkspace\C++\算法作业\Release\会场安排问题.pdb (Full PDB)
