  分支限界解TSP问题.cpp
分支限界解TSP问题.cpp(38): warning C4018: “<”: 有符号/无符号不匹配
分支限界解TSP问题.cpp(50): warning C4018: “<”: 有符号/无符号不匹配
分支限界解TSP问题.cpp(57): warning C4018: “<”: 有符号/无符号不匹配
分支限界解TSP问题.cpp(77): warning C4018: “<”: 有符号/无符号不匹配
分支限界解TSP问题.cpp(80): warning C4018: “<”: 有符号/无符号不匹配
分支限界解TSP问题.cpp(92): warning C4018: “<”: 有符号/无符号不匹配
分支限界解TSP问题.cpp(122): warning C4018: “<”: 有符号/无符号不匹配
分支限界解TSP问题.cpp(133): warning C4018: “<”: 有符号/无符号不匹配
分支限界解TSP问题.cpp(155): warning C4018: “<”: 有符号/无符号不匹配
分支限界解TSP问题.cpp(129): warning C4390: “;”: 找到空的受控语句；这是否是有意的?
分支限界解TSP问题.cpp(172): warning C4018: “<”: 有符号/无符号不匹配
分支限界解TSP问题.cpp(174): warning C4018: “<”: 有符号/无符号不匹配
分支限界解TSP问题.cpp(175): warning C4018: “<”: 有符号/无符号不匹配
  正在生成代码
  1 of 175 functions ( 0.6%) were compiled, the rest were copied from previous compilation.
    0 functions were new in current compilation
    1 functions had inline decision re-evaluated but remain unchanged
  已完成代码的生成
  分支限界解TSP问题.vcxproj -> C:\CodingWorkspace\C++\算法作业\Release\分支限界解TSP问题.exe
  分支限界解TSP问题.vcxproj -> C:\CodingWorkspace\C++\算法作业\Release\分支限界解TSP问题.pdb (Full PDB)
